0 info it worked if it ends with ok
1 verbose cli [ '/opt/node/bin/node',
1 verbose cli   '/usr/local/bin/npm',
1 verbose cli   'install',
1 verbose cli   'bodyParser' ]
2 info using npm@2.14.7
3 info using node@v4.2.3
4 verbose install initial load of /home/vcm/SensorWebsite/package.json
5 warn package.json server@1.0.0 No description
6 verbose installManyTop reading scoped package data from /home/vcm/SensorWebsite/node_modules/accepts/package.json
7 verbose installManyTop reading scoped package data from /home/vcm/SensorWebsite/node_modules/array-flatten/package.json
8 verbose installManyTop reading scoped package data from /home/vcm/SensorWebsite/node_modules/bignumber.js/package.json
9 verbose installManyTop reading scoped package data from /home/vcm/SensorWebsite/node_modules/body-parser/package.json
10 verbose installManyTop reading scoped package data from /home/vcm/SensorWebsite/node_modules/bytes/package.json
11 verbose installManyTop reading scoped package data from /home/vcm/SensorWebsite/node_modules/content-disposition/package.json
12 verbose installManyTop reading scoped package data from /home/vcm/SensorWebsite/node_modules/content-type/package.json
13 verbose installManyTop reading scoped package data from /home/vcm/SensorWebsite/node_modules/cookie/package.json
14 verbose installManyTop reading scoped package data from /home/vcm/SensorWebsite/node_modules/cookie-signature/package.json
15 verbose installManyTop reading scoped package data from /home/vcm/SensorWebsite/node_modules/core-util-is/package.json
16 verbose installManyTop reading scoped package data from /home/vcm/SensorWebsite/node_modules/debug/package.json
17 verbose installManyTop reading scoped package data from /home/vcm/SensorWebsite/node_modules/depd/package.json
18 verbose installManyTop reading scoped package data from /home/vcm/SensorWebsite/node_modules/destroy/package.json
19 verbose installManyTop reading scoped package data from /home/vcm/SensorWebsite/node_modules/ee-first/package.json
20 verbose installManyTop reading scoped package data from /home/vcm/SensorWebsite/node_modules/encodeurl/package.json
21 verbose installManyTop reading scoped package data from /home/vcm/SensorWebsite/node_modules/escape-html/package.json
22 verbose installManyTop reading scoped package data from /home/vcm/SensorWebsite/node_modules/etag/package.json
23 verbose installManyTop reading scoped package data from /home/vcm/SensorWebsite/node_modules/express/package.json
24 verbose installManyTop reading scoped package data from /home/vcm/SensorWebsite/node_modules/finalhandler/package.json
25 verbose installManyTop reading scoped package data from /home/vcm/SensorWebsite/node_modules/forwarded/package.json
26 verbose installManyTop reading scoped package data from /home/vcm/SensorWebsite/node_modules/fresh/package.json
27 verbose installManyTop reading scoped package data from /home/vcm/SensorWebsite/node_modules/http-errors/package.json
28 verbose installManyTop reading scoped package data from /home/vcm/SensorWebsite/node_modules/iconv-lite/package.json
29 verbose installManyTop reading scoped package data from /home/vcm/SensorWebsite/node_modules/inherits/package.json
30 verbose installManyTop reading scoped package data from /home/vcm/SensorWebsite/node_modules/ipaddr.js/package.json
31 verbose installManyTop reading scoped package data from /home/vcm/SensorWebsite/node_modules/isarray/package.json
32 verbose installManyTop reading scoped package data from /home/vcm/SensorWebsite/node_modules/media-typer/package.json
33 verbose installManyTop reading scoped package data from /home/vcm/SensorWebsite/node_modules/merge-descriptors/package.json
34 verbose installManyTop reading scoped package data from /home/vcm/SensorWebsite/node_modules/methods/package.json
35 verbose installManyTop reading scoped package data from /home/vcm/SensorWebsite/node_modules/mime/package.json
36 verbose installManyTop reading scoped package data from /home/vcm/SensorWebsite/node_modules/mime-db/package.json
37 verbose installManyTop reading scoped package data from /home/vcm/SensorWebsite/node_modules/mime-types/package.json
38 verbose installManyTop reading scoped package data from /home/vcm/SensorWebsite/node_modules/ms/package.json
39 verbose installManyTop reading scoped package data from /home/vcm/SensorWebsite/node_modules/mysql/package.json
40 verbose installManyTop reading scoped package data from /home/vcm/SensorWebsite/node_modules/negotiator/package.json
41 verbose installManyTop reading scoped package data from /home/vcm/SensorWebsite/node_modules/on-finished/package.json
42 verbose installManyTop reading scoped package data from /home/vcm/SensorWebsite/node_modules/parseurl/package.json
43 verbose installManyTop reading scoped package data from /home/vcm/SensorWebsite/node_modules/path/package.json
44 verbose installManyTop reading scoped package data from /home/vcm/SensorWebsite/node_modules/path-to-regexp/package.json
45 verbose installManyTop reading scoped package data from /home/vcm/SensorWebsite/node_modules/process/package.json
46 verbose installManyTop reading scoped package data from /home/vcm/SensorWebsite/node_modules/process-nextick-args/package.json
47 verbose installManyTop reading scoped package data from /home/vcm/SensorWebsite/node_modules/proxy-addr/package.json
48 verbose installManyTop reading scoped package data from /home/vcm/SensorWebsite/node_modules/qs/package.json
49 verbose installManyTop reading scoped package data from /home/vcm/SensorWebsite/node_modules/range-parser/package.json
50 verbose installManyTop reading scoped package data from /home/vcm/SensorWebsite/node_modules/raw-body/package.json
51 verbose installManyTop reading scoped package data from /home/vcm/SensorWebsite/node_modules/readable-stream/package.json
52 verbose installManyTop reading scoped package data from /home/vcm/SensorWebsite/node_modules/safe-buffer/package.json
53 verbose installManyTop reading scoped package data from /home/vcm/SensorWebsite/node_modules/send/package.json
54 verbose installManyTop reading scoped package data from /home/vcm/SensorWebsite/node_modules/serve-static/package.json
55 verbose installManyTop reading scoped package data from /home/vcm/SensorWebsite/node_modules/setprototypeof/package.json
56 verbose installManyTop reading scoped package data from /home/vcm/SensorWebsite/node_modules/sqlstring/package.json
57 verbose installManyTop reading scoped package data from /home/vcm/SensorWebsite/node_modules/statuses/package.json
58 verbose installManyTop reading scoped package data from /home/vcm/SensorWebsite/node_modules/string_decoder/package.json
59 verbose installManyTop reading scoped package data from /home/vcm/SensorWebsite/node_modules/type-is/package.json
60 verbose installManyTop reading scoped package data from /home/vcm/SensorWebsite/node_modules/unpipe/package.json
61 verbose installManyTop reading scoped package data from /home/vcm/SensorWebsite/node_modules/util/package.json
62 verbose installManyTop reading scoped package data from /home/vcm/SensorWebsite/node_modules/util-deprecate/package.json
63 verbose installManyTop reading scoped package data from /home/vcm/SensorWebsite/node_modules/utils-merge/package.json
64 verbose installManyTop reading scoped package data from /home/vcm/SensorWebsite/node_modules/vary/package.json
65 info package.json path@0.12.7 path is also the name of a node core module.
66 info package.json process@0.11.10 process is also the name of a node core module.
67 info package.json string_decoder@1.0.3 string_decoder is also the name of a node core module.
68 info package.json util@0.10.3 util is also the name of a node core module.
69 verbose readDependencies loading dependencies from /home/vcm/SensorWebsite/package.json
70 silly cache add args [ 'bodyParser', null ]
71 verbose cache add spec bodyParser
72 silly cache add parsed spec Result {
72 silly cache add   raw: 'bodyParser',
72 silly cache add   scope: null,
72 silly cache add   name: 'bodyParser',
72 silly cache add   rawSpec: '',
72 silly cache add   spec: '*',
72 silly cache add   type: 'range' }
73 silly addNamed bodyParser@*
74 verbose addNamed "*" is a valid semver range for bodyParser
75 silly addNameRange { name: 'bodyParser', range: '*', hasData: false }
76 silly mapToRegistry name bodyParser
77 silly mapToRegistry using default registry
78 silly mapToRegistry registry https://registry.npmjs.org/
79 silly mapToRegistry uri https://registry.npmjs.org/bodyParser
80 verbose addNameRange registry:https://registry.npmjs.org/bodyParser not in flight; fetching
81 verbose request uri https://registry.npmjs.org/bodyParser
82 verbose request no auth needed
83 info attempt registry request try #1 at 1:53:13 AM
84 verbose request id 1fda01a6e9ec31a8
85 http request GET https://registry.npmjs.org/bodyParser
86 http 404 https://registry.npmjs.org/bodyParser
87 verbose headers { 'content-type': 'application/json',
87 verbose headers   'cache-control': 'max-age=0',
87 verbose headers   'content-length': '2',
87 verbose headers   'accept-ranges': 'bytes',
87 verbose headers   date: 'Mon, 20 Nov 2017 06:53:14 GMT',
87 verbose headers   via: '1.1 varnish',
87 verbose headers   age: '0',
87 verbose headers   connection: 'keep-alive',
87 verbose headers   'x-served-by': 'cache-atl6247-ATL',
87 verbose headers   'x-cache': 'MISS',
87 verbose headers   'x-cache-hits': '0',
87 verbose headers   'x-timer': 'S1511160794.965402,VS0,VE555',
87 verbose headers   vary: 'Accept-Encoding' }
88 silly get cb [ 404,
88 silly get   { 'content-type': 'application/json',
88 silly get     'cache-control': 'max-age=0',
88 silly get     'content-length': '2',
88 silly get     'accept-ranges': 'bytes',
88 silly get     date: 'Mon, 20 Nov 2017 06:53:14 GMT',
88 silly get     via: '1.1 varnish',
88 silly get     age: '0',
88 silly get     connection: 'keep-alive',
88 silly get     'x-served-by': 'cache-atl6247-ATL',
88 silly get     'x-cache': 'MISS',
88 silly get     'x-cache-hits': '0',
88 silly get     'x-timer': 'S1511160794.965402,VS0,VE555',
88 silly get     vary: 'Accept-Encoding' } ]
89 verbose stack Error: Registry returned 404 for GET on https://registry.npmjs.org/bodyParser
89 verbose stack     at makeError (/opt/node/lib/node_modules/npm/node_modules/npm-registry-client/lib/request.js:264:12)
89 verbose stack     at CachingRegistryClient.<anonymous> (/opt/node/lib/node_modules/npm/node_modules/npm-registry-client/lib/request.js:242:14)
89 verbose stack     at Request._callback (/opt/node/lib/node_modules/npm/node_modules/npm-registry-client/lib/request.js:172:14)
89 verbose stack     at Request.self.callback (/opt/node/lib/node_modules/npm/node_modules/request/request.js:198:22)
89 verbose stack     at emitTwo (events.js:87:13)
89 verbose stack     at Request.emit (events.js:172:7)
89 verbose stack     at Request.<anonymous> (/opt/node/lib/node_modules/npm/node_modules/request/request.js:1063:14)
89 verbose stack     at emitOne (events.js:82:20)
89 verbose stack     at Request.emit (events.js:169:7)
89 verbose stack     at IncomingMessage.<anonymous> (/opt/node/lib/node_modules/npm/node_modules/request/request.js:1009:12)
90 verbose statusCode 404
91 verbose pkgid bodyParser
92 verbose cwd /home/vcm/SensorWebsite
93 error Linux 4.4.0-98-generic
94 error argv "/opt/node/bin/node" "/usr/local/bin/npm" "install" "bodyParser"
95 error node v4.2.3
96 error npm  v2.14.7
97 error code E404
98 error 404 Registry returned 404 for GET on https://registry.npmjs.org/bodyParser
98 error 404
98 error 404 'bodyParser' is not in the npm registry.
98 error 404 Your package name is not valid, because
98 error 404
98 error 404  1. name can no longer contain capital letters
98 error 404 It was specified as a dependency of 'server'
98 error 404
98 error 404 Note that you can also install from a
98 error 404 tarball, folder, http url, or git url.
99 verbose exit [ 1, true ]
